<?xml version="1.0" encoding="UTF-8"?>
<!-- Generated by org.testng.reporters.JUnitReportReporter -->
<testsuite hostname="LAPTOP-3A1RBM06" failures="0" tests="1" name="avengersAutomation.LocatorsXpathAssignment" time="5.535" errors="0" timestamp="2025-08-25T15:23:36 EDT" skipped="0">
  <testcase classname="avengersAutomation.LocatorsXpathAssignment" name="locatorsXpath" time="5.535"/>
</testsuite> <!-- avengersAutomation.LocatorsXpathAssignment -->
