<?xml version="1.0" encoding="UTF-8"?>
<!-- Generated by org.testng.reporters.JUnitReportReporter -->
<testsuite hostname="LAPTOP-3A1RBM06" failures="0" tests="1" name="avengersAutomation.DynamicControls" time="6.397" errors="0" timestamp="2025-08-21T18:50:54 EDT" skipped="0">
  <testcase classname="avengersAutomation.DynamicControls" name="testControls" time="6.397"/>
</testsuite> <!-- avengersAutomation.DynamicControls -->
