<?xml version="1.0" encoding="UTF-8"?>
<!-- Generated by org.testng.reporters.JUnitReportReporter -->
<testsuite hostname="LAPTOP-3A1RBM06" failures="0" tests="1" name="avengersAutomation.DomLocator" time="4.533" errors="0" timestamp="2025-08-25T14:56:52 EDT" skipped="0">
  <testcase classname="avengersAutomation.DomLocator" name="dom" time="4.533"/>
</testsuite> <!-- avengersAutomation.DomLocator -->
