<?xml version="1.0" encoding="UTF-8"?>
<!-- Generated by org.testng.reporters.JUnitReportReporter -->
<testsuite hostname="LAPTOP-3A1RBM06" failures="0" tests="1" name="avengersAutomation.BrowserNav" time="5.753" errors="0" timestamp="2025-08-21T18:24:26 EDT" skipped="0">
  <testcase classname="avengersAutomation.BrowserNav" name="testNavigation" time="5.753"/>
</testsuite> <!-- avengersAutomation.BrowserNav -->
